[debug] [2018-03-26T19:12:30.967Z] ----------------------------------------------------------------------
[debug] [2018-03-26T19:12:30.975Z] Command:       C:\Program Files\nodejs\node.exe C:\Users\ewhee\AppData\Roaming\npm\node_modules\firebase-tools\bin\firebase serve
[debug] [2018-03-26T19:12:30.975Z] CLI Version:   3.17.7
[debug] [2018-03-26T19:12:30.975Z] Platform:      win32
[debug] [2018-03-26T19:12:30.975Z] Node Version:  v8.9.3
[debug] [2018-03-26T19:12:30.976Z] Time:          Mon Mar 26 2018 13:12:30 GMT-0600 (Mountain Daylight Time)
[debug] [2018-03-26T19:12:30.976Z] ----------------------------------------------------------------------
[debug] 
[debug] [2018-03-26T19:12:31.002Z] > command requires scopes: ["email","openid","https://www.googleapis.com/auth/cloudplatformprojects.readonly","https://www.googleapis.com/auth/firebase","https://www.googleapis.com/auth/cloud-platform"]
[debug] [2018-03-26T19:12:31.007Z] > authorizing via signed-in user
[debug] [2018-03-26T19:12:31.011Z] > refreshing access token with scopes: ["email","https://www.googleapis.com/auth/cloud-platform","https://www.googleapis.com/auth/cloudplatformprojects.readonly","https://www.googleapis.com/auth/firebase","openid"]
[debug] [2018-03-26T19:12:31.011Z] >>> HTTP REQUEST POST https://www.googleapis.com/oauth2/v3/token  
 { refresh_token: '1/FvPfhERZbTrZbaQG99P2riPhXbEZMkiFHhopbzCo4qXW3qfb3LlcghrcBX2gshby',
  client_id: '563584335869-fgrhgmd47bqnekij5i8b5pr03ho849e6.apps.googleusercontent.com',
  client_secret: 'j9iVZfS8kkCEFUPaAeJV0sAi',
  grant_type: 'refresh_token',
  scope: 'email https://www.googleapis.com/auth/cloud-platform https://www.googleapis.com/auth/cloudplatformprojects.readonly https://www.googleapis.com/auth/firebase openid' } 
 Mon Mar 26 2018 13:12:31 GMT-0600 (Mountain Daylight Time)
[debug] [2018-03-26T19:12:33.006Z] <<< HTTP RESPONSE 200
[debug] [2018-03-26T19:12:33.049Z] >>> HTTP REQUEST GET https://admin.firebase.com/v1/projects/train-schedule-3a9f7  
  
 Mon Mar 26 2018 13:12:33 GMT-0600 (Mountain Daylight Time)
[debug] [2018-03-26T19:12:34.017Z] <<< HTTP RESPONSE 200
[debug] [2018-03-26T19:12:34.017Z] >>> HTTP REQUEST GET https://admin.firebase.com/v1/database/train-schedule-3a9f7/tokens  
  
 Mon Mar 26 2018 13:12:34 GMT-0600 (Mountain Daylight Time)
[debug] [2018-03-26T19:12:36.268Z] <<< HTTP RESPONSE 200
[debug] [2018-03-26T19:12:36.283Z] >>> HTTP REQUEST GET https://cloudresourcemanager.googleapis.com/v1/projects/train-schedule-3a9f7  
  
 Mon Mar 26 2018 13:12:36 GMT-0600 (Mountain Daylight Time)
[debug] [2018-03-26T19:12:37.915Z] <<< HTTP RESPONSE 200
[info] 
[info] === Serving from 'C:\Users\ewhee\Documents\GitHub\train-firebase'...
[info] 
[debug] [2018-03-26T19:12:37.931Z] >>> HTTP REQUEST GET https://mobilesdk-pa.googleapis.com/v1/projects/259882705574/clients/_:getWebAppConfig  
  
 Mon Mar 26 2018 13:12:37 GMT-0600 (Mountain Daylight Time)
[debug] [2018-03-26T19:12:38.561Z] <<< HTTP RESPONSE 200
[debug] [2018-03-26T19:12:38.633Z] TypeError: Cannot read property 'public' of undefined
    at Server.<anonymous> (C:\Users\ewhee\AppData\Roaming\npm\node_modules\firebase-tools\lib\serve\hosting.js:34:18)
    at Object.onceWrapper (events.js:313:30)
    at emitNone (events.js:106:13)
    at Server.emit (events.js:208:7)
    at emitListeningNT (net.js:1378:10)
    at _combinedTickCallback (internal/process/next_tick.js:135:11)
    at process._tickDomainCallback (internal/process/next_tick.js:218:9)
[error] 
[error] Error: An unexpected error has occurred.
